<?xml version="1.0" encoding="UTF-8"?>
<!-- Generated by org.testng.reporters.JUnitXMLReporter -->
<testsuite ignored="0" hostname="LAPTOP-SOJBC8TS" failures="0" tests="4" name="Default test" time="19.464" errors="0" timestamp="2025-05-03T14:53:58 IST">
  <testcase classname="Admin.AdminClient" name="openAdminPage" time="7.786"/>
  <testcase classname="Admin.AdminClient" name="searchEmpByUserName" time="2.607"/>
  <testcase classname="Admin.AdminClient" name="searchEmpByUserRole" time="1.812"/>
  <testcase classname="Admin.AdminClient" name="searchEmpByStatus" time="1.3"/>
</testsuite> <!-- Default test -->
