<?xml version="1.0" encoding="UTF-8"?>
<testng-results ignored="0" total="4" passed="4" failed="0" skipped="0">
  <reporter-output>
  </reporter-output>
  <suite started-at="2025-05-03T14:53:38 IST" name="Default suite" finished-at="2025-05-03T14:53:58 IST" duration-ms="19464">
    <groups>
    </groups>
    <test started-at="2025-05-03T14:53:38 IST" name="Default test" finished-at="2025-05-03T14:53:58 IST" duration-ms="19464">
      <class name="Admin.AdminClient">
        <test-method is-config="true" signature="beforeTest()[pri:0, instance:Admin.AdminClient@4f6ee6e4]" started-at="2025-05-03T14:53:38 IST" name="beforeTest" finished-at="2025-05-03T14:53:44 IST" duration-ms="5628" status="PASS">
          <reporter-output>
          </reporter-output>
        </test-method> <!-- beforeTest -->
        <test-method signature="openAdminPage()[pri:1, instance:Admin.AdminClient@4f6ee6e4]" started-at="2025-05-03T14:53:44 IST" name="openAdminPage" finished-at="2025-05-03T14:53:52 IST" duration-ms="7786" status="PASS">
          <reporter-output>
          </reporter-output>
        </test-method> <!-- openAdminPage -->
        <test-method signature="searchEmpByUserName()[pri:2, instance:Admin.AdminClient@4f6ee6e4]" started-at="2025-05-03T14:53:52 IST" name="searchEmpByUserName" finished-at="2025-05-03T14:53:54 IST" duration-ms="2607" status="PASS">
          <reporter-output>
          </reporter-output>
        </test-method> <!-- searchEmpByUserName -->
        <test-method signature="searchEmpByUserRole()[pri:3, instance:Admin.AdminClient@4f6ee6e4]" started-at="2025-05-03T14:53:54 IST" name="searchEmpByUserRole" finished-at="2025-05-03T14:53:56 IST" duration-ms="1812" status="PASS">
          <reporter-output>
          </reporter-output>
        </test-method> <!-- searchEmpByUserRole -->
        <test-method signature="searchEmpByStatus()[pri:4, instance:Admin.AdminClient@4f6ee6e4]" started-at="2025-05-03T14:53:56 IST" name="searchEmpByStatus" finished-at="2025-05-03T14:53:57 IST" duration-ms="1300" status="PASS">
          <reporter-output>
          </reporter-output>
        </test-method> <!-- searchEmpByStatus -->
        <test-method is-config="true" signature="afterTest()[pri:0, instance:Admin.AdminClient@4f6ee6e4]" started-at="2025-05-03T14:53:57 IST" name="afterTest" finished-at="2025-05-03T14:53:58 IST" duration-ms="277" status="PASS">
          <reporter-output>
          </reporter-output>
        </test-method> <!-- afterTest -->
      </class> <!-- Admin.AdminClient -->
    </test> <!-- Default test -->
  </suite> <!-- Default suite -->
</testng-results>
